b:\onedrive\文档\harry\academy\[s8]编译原理课程设计\vipercompiler\vipercompiler\x64\release\vipercompiler.pch
b:\onedrive\文档\harry\academy\[s8]编译原理课程设计\vipercompiler\vipercompiler\x64\release\vc140.pdb
b:\onedrive\文档\harry\academy\[s8]编译原理课程设计\vipercompiler\vipercompiler\x64\release\stdafx.obj
b:\onedrive\文档\harry\academy\[s8]编译原理课程设计\vipercompiler\vipercompiler\x64\release\vipercompiler.obj
b:\onedrive\文档\harry\academy\[s8]编译原理课程设计\vipercompiler\x64\release\vipercompiler.exe
b:\onedrive\文档\harry\academy\[s8]编译原理课程设计\vipercompiler\x64\release\vipercompiler.ipdb
b:\onedrive\文档\harry\academy\[s8]编译原理课程设计\vipercompiler\x64\release\vipercompiler.iobj
b:\onedrive\文档\harry\academy\[s8]编译原理课程设计\vipercompiler\x64\release\vipercompiler.pdb
b:\onedrive\harry's documents\github\vipercompiler\vipercompiler_sln\vipercompiler\x64\release\stdafx.obj
b:\onedrive\harry's documents\github\vipercompiler\vipercompiler_sln\vipercompiler\x64\release\vipercompiler.obj
b:\onedrive\harry's documents\github\vipercompiler\vipercompiler_sln\vipercompiler\x64\release\vipercompiler.pch
b:\onedrive\harry's documents\github\vipercompiler\vipercompiler_sln\vipercompiler\x64\release\vc140.pdb
b:\onedrive\harry's documents\github\vipercompiler\vipercompiler_sln\x64\release\vipercompiler.pdb
b:\onedrive\harry's documents\github\vipercompiler\vipercompiler_sln\x64\release\vipercompiler.exe
b:\onedrive\harry's documents\github\vipercompiler\vipercompiler_sln\vipercompiler\x64\release\vipercompiler.tlog\cl.command.1.tlog
b:\onedrive\harry's documents\github\vipercompiler\vipercompiler_sln\vipercompiler\x64\release\vipercompiler.tlog\cl.read.1.tlog
b:\onedrive\harry's documents\github\vipercompiler\vipercompiler_sln\vipercompiler\x64\release\vipercompiler.tlog\cl.write.1.tlog
b:\onedrive\harry's documents\github\vipercompiler\vipercompiler_sln\vipercompiler\x64\release\vipercompiler.tlog\link.command.1.tlog
b:\onedrive\harry's documents\github\vipercompiler\vipercompiler_sln\vipercompiler\x64\release\vipercompiler.tlog\link.read.1.tlog
b:\onedrive\harry's documents\github\vipercompiler\vipercompiler_sln\vipercompiler\x64\release\vipercompiler.tlog\link.write.1.tlog
